0 info it worked if it ends with ok
1 verbose cli [ '/usr/bin/nodejs', '/usr/bin/npm', 'run', 'server' ]
2 info using npm@3.10.10
3 info using node@v6.10.3
4 verbose run-script [ 'preserver', 'server', 'postserver' ]
5 info lifecycle nostalgAIM@0.0.1~preserver: nostalgAIM@0.0.1
6 silly lifecycle nostalgAIM@0.0.1~preserver: no script for preserver, continuing
7 info lifecycle nostalgAIM@0.0.1~server: nostalgAIM@0.0.1
8 verbose lifecycle nostalgAIM@0.0.1~server: unsafe-perm in lifecycle true
9 verbose lifecycle nostalgAIM@0.0.1~server: PATH: /usr/lib/node_modules/npm/bin/node-gyp-bin:/home/kia/Documents/WebDev/Projects/nostalgaim/node_modules/.bin:/usr/lib/node_modules/npm/bin/node-gyp-bin:/home/kia/Documents/WebDev/Projects/nostalgaim/node_modules/.bin:/usr/bin/node:/usr/local/heroku/bin:/home/kia/bin:/home/kia/.local/bin:/usr/local/sbin:/usr/local/bin:/usr/sbin:/usr/bin:/sbin:/bin:/usr/games:/usr/local/games:/home/kia/.rvm/bin:/home/kia/.rvm/bin:/home/kia/Android/Sdk/tools:/home/kia/Android/Sdk/platform-tools
10 verbose lifecycle nostalgAIM@0.0.1~server: CWD: /home/kia/Documents/WebDev/Projects/nostalgaim
11 silly lifecycle nostalgAIM@0.0.1~server: Args: [ '-c', 'node server.js' ]
12 silly lifecycle nostalgAIM@0.0.1~server: Returned: code: 1  signal: null
13 info lifecycle nostalgAIM@0.0.1~server: Failed to exec server script
14 verbose stack Error: nostalgAIM@0.0.1 server: `node server.js`
14 verbose stack Exit status 1
14 verbose stack     at EventEmitter.<anonymous> (/usr/lib/node_modules/npm/lib/utils/lifecycle.js:255:16)
14 verbose stack     at emitTwo (events.js:106:13)
14 verbose stack     at EventEmitter.emit (events.js:191:7)
14 verbose stack     at ChildProcess.<anonymous> (/usr/lib/node_modules/npm/lib/utils/spawn.js:40:14)
14 verbose stack     at emitTwo (events.js:106:13)
14 verbose stack     at ChildProcess.emit (events.js:191:7)
14 verbose stack     at maybeClose (internal/child_process.js:886:16)
14 verbose stack     at Process.ChildProcess._handle.onexit (internal/child_process.js:226:5)
15 verbose pkgid nostalgAIM@0.0.1
16 verbose cwd /home/kia/Documents/WebDev/Projects/nostalgaim
17 error Linux 4.4.0-78-generic
18 error argv "/usr/bin/nodejs" "/usr/bin/npm" "run" "server"
19 error node v6.10.3
20 error npm  v3.10.10
21 error code ELIFECYCLE
22 error nostalgAIM@0.0.1 server: `node server.js`
22 error Exit status 1
23 error Failed at the nostalgAIM@0.0.1 server script 'node server.js'.
23 error Make sure you have the latest version of node.js and npm installed.
23 error If you do, this is most likely a problem with the nostalgAIM package,
23 error not with npm itself.
23 error Tell the author that this fails on your system:
23 error     node server.js
23 error You can get information on how to open an issue for this project with:
23 error     npm bugs nostalgAIM
23 error Or if that isn't available, you can get their info via:
23 error     npm owner ls nostalgAIM
23 error There is likely additional logging output above.
24 verbose exit [ 1, true ]
